#
# A fatal error has been detected by the Java Runtime Environment:
#
#  Internal Error (javaClasses.cpp:126), pid=3880, tid=7160
#  fatal error: Invalid layout of preloaded class
#
# JRE version:  (8.0_25-b18) (build )
# Java VM: Java HotSpot(TM) 64-Bit Server VM (25.25-b02 mixed mode windows-amd64 compressed oops)
# Failed to write core dump. Minidumps are not enabled by default on client versions of Windows
#
# If you would like to submit a bug report, please visit:
#   http://bugreport.sun.com/bugreport/crash.jsp
#

---------------  T H R E A D  ---------------

Current thread (0x0000000002070800):  JavaThread "Unknown thread" [_thread_in_vm, id=7160, stack(0x0000000001f70000,0x0000000002070000)]

Stack: [0x0000000001f70000,0x0000000002070000]
Native frames: (J=compiled Java code, j=interpreted, Vv=VM code, C=native code)
V  [jvm.dll+0x31667a]
V  [jvm.dll+0x267073]
V  [jvm.dll+0x267cb3]
V  [jvm.dll+0x25f536]
V  [jvm.dll+0x5e773]
V  [jvm.dll+0x5e863]
V  [jvm.dll+0x731ca]
V  [jvm.dll+0x73528]
V  [jvm.dll+0xe48b7]
V  [jvm.dll+0xe4c46]
V  [jvm.dll+0x1f9ae7]
V  [jvm.dll+0x22b2e4]
V  [jvm.dll+0x14d571]
C  [javaw.exe+0x20c6]
C  [javaw.exe+0xc9eb]
C  [javaw.exe+0xca7f]
C  [KERNEL32.DLL+0x15bd]
C  [ntdll.dll+0x743d1]


---------------  P R O C E S S  ---------------

Java Threads: ( => current thread )

Other Threads:

=>0x0000000002070800 (exited) JavaThread "Unknown thread" [_thread_in_vm, id=7160, stack(0x0000000001f70000,0x0000000002070000)]

VM state:not at safepoint (not fully initialized)

VM Mutex/Monitor currently owned by a thread: None

GC Heap History (0 events):
No events

Deoptimization events (0 events):
No events

Internal exceptions (0 events):
No events

Events (10 events):
Event: 0.095 loading class java/lang/CharSequence done
Event: 0.096 loading class java/lang/String done
Event: 0.096 loading class java/lang/Class
Event: 0.096 loading class java/lang/reflect/AnnotatedElement
Event: 0.096 loading class java/lang/reflect/AnnotatedElement done
Event: 0.096 loading class java/lang/reflect/GenericDeclaration
Event: 0.097 loading class java/lang/reflect/GenericDeclaration done
Event: 0.097 loading class java/lang/reflect/Type
Event: 0.097 loading class java/lang/reflect/Type done
Event: 0.097 loading class java/lang/Class done


Dynamic libraries:
0x00007ff67e950000 - 0x00007ff67e984000 	D:\Java\jdk1.7.0\bin\javaw.exe
0x00007fff54b70000 - 0x00007fff54d19000 	C:\Windows\SYSTEM32\ntdll.dll
0x00007fff525e0000 - 0x00007fff52719000 	C:\Windows\system32\KERNEL32.DLL
0x00007fff51fc0000 - 0x00007fff520ce000 	C:\Windows\system32\KERNELBASE.dll
0x00007fff50b20000 - 0x00007fff50bab000 	C:\Windows\system32\apphelp.dll
0x00007fff46260000 - 0x00007fff462ac000 	C:\Windows\AppPatch\AppPatch64\AcGenral.DLL
0x00007fff54ac0000 - 0x00007fff54b67000 	C:\Windows\system32\msvcrt.dll
0x00007fff51da0000 - 0x00007fff51dcb000 	C:\Windows\SYSTEM32\SspiCli.dll
0x00007fff54730000 - 0x00007fff54781000 	C:\Windows\system32\SHLWAPI.dll
0x00007fff541d0000 - 0x00007fff54341000 	C:\Windows\system32\USER32.dll
0x00007fff54450000 - 0x00007fff545c6000 	C:\Windows\system32\ole32.dll
0x00007fff52720000 - 0x00007fff53b2d000 	C:\Windows\system32\SHELL32.dll
0x00007fff51550000 - 0x00007fff5156f000 	C:\Windows\SYSTEM32\USERENV.dll
0x00007fff53b30000 - 0x00007fff53bd5000 	C:\Windows\system32\ADVAPI32.dll
0x00007fff45720000 - 0x00007fff4573b000 	C:\Windows\SYSTEM32\MPR.dll
0x00007fff54090000 - 0x00007fff541c6000 	C:\Windows\system32\RPCRT4.dll
0x00007fff53d80000 - 0x00007fff53dd7000 	C:\Windows\SYSTEM32\sechost.dll
0x00007fff52400000 - 0x00007fff525d7000 	C:\Windows\SYSTEM32\combase.dll
0x00007fff545d0000 - 0x00007fff54715000 	C:\Windows\system32\GDI32.dll
0x00007fff51ef0000 - 0x00007fff51f04000 	C:\Windows\SYSTEM32\profapi.dll
0x00007fff50540000 - 0x00007fff505e1000 	C:\Windows\SYSTEM32\SHCORE.dll
0x00007fff54350000 - 0x00007fff54384000 	C:\Windows\system32\IMM32.DLL
0x00007fff547f0000 - 0x00007fff54928000 	C:\Windows\system32\MSCTF.dll
0x00007fff4fcc0000 - 0x00007fff4ff1a000 	C:\Windows\WinSxS\amd64_microsoft.windows.common-controls_6595b64144ccf1df_6.0.9600.16384_none_62475f7becb72503\COMCTL32.dll
0x0000000050600000 - 0x00000000506d2000 	D:\Java\jdk1.7.0\jre\bin\msvcr100.dll
0x0000000050b00000 - 0x000000005135a000 	D:\Java\jdk1.7.0\jre\bin\server\jvm.dll
0x00007fff46df0000 - 0x00007fff46df9000 	C:\Windows\SYSTEM32\WSOCK32.dll
0x00007fff4b680000 - 0x00007fff4b69f000 	C:\Windows\SYSTEM32\WINMM.dll
0x00007fff54720000 - 0x00007fff54727000 	C:\Windows\system32\PSAPI.DLL
0x00007fff54790000 - 0x00007fff547e8000 	C:\Windows\system32\WS2_32.dll
0x00007fff4b650000 - 0x00007fff4b67a000 	C:\Windows\SYSTEM32\WINMMBASE.dll
0x00007fff54ab0000 - 0x00007fff54ab9000 	C:\Windows\system32\NSI.dll
0x00007fff521d0000 - 0x00007fff5221a000 	C:\Windows\SYSTEM32\cfgmgr32.dll
0x00007fff50da0000 - 0x00007fff50dc6000 	C:\Windows\SYSTEM32\DEVOBJ.dll
0x0000000050a10000 - 0x0000000050a1f000 	D:\Java\jdk1.7.0\jre\bin\verify.dll
0x00000000509e0000 - 0x0000000050a08000 	D:\Java\jdk1.7.0\jre\bin\java.dll
0x00000000509c0000 - 0x00000000509d6000 	D:\Java\jdk1.7.0\jre\bin\zip.dll
0x00007fff41f80000 - 0x00007fff42108000 	C:\Windows\SYSTEM32\dbghelp.dll

VM Arguments:
jvm_args: -Dfile.encoding=UTF-8 -Xbootclasspath:E:\mytools\sdk\platforms\android-21\android.jar 
java_command: com.litao.ledong.Test
java_class_path (initial): F:\workspace_work\ledong\bin\classes;F:\workspace_work\ledong\libs\android-support-v4.jar;F:\workspace_work\ledong\libs\Java-WebSocket-1.2.0-leancloud.jar;F:\workspace_work\ledong\libs\avoscloud-push-v3.0.jar;F:\workspace_work\ledong\libs\weibo.sdk.android.sso.jar;F:\workspace_work\ledong\libs\qq.sdk.1.6.1.jar;F:\workspace_work\ledong\libs\avoscloud-sns-v3.0.jar;F:\workspace_work\ledong\libs\avoscloud-sdk-v2.7.jar;F:\workspace_work\ledong\libs\avoscloud-feedback-v3.0.jar;F:\workspace_work\ledong\libs\avoscloud-search-v3.0.jar;F:\workspace_work\ledong\libs\fastjson.jar;F:\workspace_work\ledong\libs\avoscloud-sdk-v3.0.jar;F:\workspace_work\ledong\libs\httpmime-4.2.4.jar;F:\workspace_work\ledong\libs\avoscloud-statistics-v3.0.jar;F:\workspace_work\appcompat_v7\libs\android-support-v7-appcompat.jar;F:\workspace_work\ledong\libs\android-async-http-1.4.6.jar;F:\workspace_work\appcompat_v7\bin\appcompat_v7.jar
Launcher Type: SUN_STANDARD

Environment Variables:
CLASSPATH=.:?D:\Java\jdk1.7.0\lib\tools.jar;?D:\Java\jdk1.7.0\lib\dt.jar.;%JAVA_HOME%\lib;%JAVA_HOME%\lib\tools.jar
PATH=D:/JAVA/JDK1.7.0/BIN/../jre/bin/server;D:/JAVA/JDK1.7.0/BIN/../jre/bin;D:/JAVA/JDK1.7.0/BIN/../jre/lib/amd64;C:\ProgramData\Oracle\Java\javapath;E:\ANDROID\ANDROID-SDK-WINDOWS\TOOLS;E:\ANDROID-SDK-WINDOWS\PLATFORM-TOOLS;D:\JAVA\JDK1.7.0\BIN;C:\Windows\SYSTEM32;C:\Windows;C:\Windows\SYSTEM32\WBEM;C:\PROGRAM FILES\MYSQL\MYSQL SERVER 5.5\BIN;%Android_Home%;D:\TortoiseSVN\bin;C:\Program Files (x86)\Subversion\bin;C:\Program Files\TortoiseGit\bin;%JAVA_HOME%\bin;%JAVA_HOME%\jre\bin;E:\mytools\sdk\platform-tools;E:\mytools\eclipse;
USERNAME=Administrator
OS=Windows_NT
PROCESSOR_IDENTIFIER=Intel64 Family 6 Model 69 Stepping 1, GenuineIntel



---------------  S Y S T E M  ---------------

OS: Windows 8.1 , 64 bit Build 9600 

CPU:total 4 (2 cores per cpu, 2 threads per core) family 6 model 69 stepping 1, cmov, cx8, fxsr, mmx, sse, sse2, sse3, ssse3, sse4.1, sse4.2, popcnt, avx, avx2, aes, clmul, erms, lzcnt, ht, tsc, tscinvbit, bmi1, bmi2

Memory: 4k page, physical 4079980k(1667632k free), swap 4604268k(1816604k free)

vm_info: Java HotSpot(TM) 64-Bit Server VM (25.25-b02) for windows-amd64 JRE (1.8.0_25-b18), built on Oct  7 2014 14:25:37 by "java_re" with MS VC++ 10.0 (VS2010)

time: Fri Mar 20 10:32:52 2015
elapsed time: 0 seconds (0d 0h 0m 0s)

